nohup: ignoring input
INFO:__main__:processing dump: urwiki-20230801-pages-meta-history.xml
INFO:__main__:processing dump file: urwiki-20230801-pages-meta-history.xml
INFO:wikiedits.wiki_edit_extractor:Processed Revisions: 0
INFO:wikiedits.wiki_edit_extractor:Processed Revisions: 5000
INFO:wikiedits.wiki_edit_extractor:Processed Revisions: 10000
INFO:wikiedits.wiki_edit_extractor:Processed Revisions: 15000
INFO:wikiedits.wiki_edit_extractor:Processed Revisions: 20000
INFO:wikiedits.wiki_edit_extractor:Processed Revisions: 25000
INFO:wikiedits.wiki_edit_extractor:Processed Revisions: 30000
INFO:wikiedits.wiki_edit_extractor:Processed Revisions: 35000
INFO:wikiedits.wiki_edit_extractor:Processed Revisions: 40000
INFO:wikiedits.wiki_edit_extractor:Processed Revisions: 45000
INFO:wikiedits.wiki_edit_extractor:Processed Revisions: 50000
INFO:wikiedits.wiki_edit_extractor:Processed Revisions: 55000
INFO:wikiedits.wiki_edit_extractor:Processed Revisions: 60000
INFO:wikiedits.wiki_edit_extractor:Processed Revisions: 65000
INFO:wikiedits.wiki_edit_extractor:Processed Revisions: 70000
INFO:wikiedits.wiki_edit_extractor:Processed Revisions: 75000
INFO:wikiedits.wiki_edit_extractor:Processed Revisions: 80000
INFO:wikiedits.wiki_edit_extractor:Processed Revisions: 85000
INFO:wikiedits.wiki_edit_extractor:Processed Revisions: 90000
INFO:wikiedits.wiki_edit_extractor:Processed Revisions: 95000
INFO:wikiedits.wiki_edit_extractor:Processed Revisions: 100000
INFO:wikiedits.wiki_edit_extractor:Processed Revisions: 105000
INFO:wikiedits.wiki_edit_extractor:Processed Revisions: 110000
INFO:wikiedits.wiki_edit_extractor:Processed Revisions: 115000
INFO:wikiedits.wiki_edit_extractor:Processed Revisions: 120000
INFO:wikiedits.wiki_edit_extractor:Processed Revisions: 125000
INFO:wikiedits.wiki_edit_extractor:Processed Revisions: 130000
INFO:wikiedits.wiki_edit_extractor:Processed Revisions: 135000
INFO:wikiedits.wiki_edit_extractor:Processed Revisions: 140000
INFO:wikiedits.wiki_edit_extractor:Processed Revisions: 145000
INFO:wikiedits.wiki_edit_extractor:Processed Revisions: 150000
INFO:wikiedits.wiki_edit_extractor:Processed Revisions: 155000
INFO:wikiedits.wiki_edit_extractor:Processed Revisions: 160000
INFO:wikiedits.wiki_edit_extractor:Processed Revisions: 165000
INFO:wikiedits.wiki_edit_extractor:Processed Revisions: 170000
INFO:wikiedits.wiki_edit_extractor:Processed Revisions: 175000
INFO:wikiedits.wiki_edit_extractor:Processed Revisions: 180000
INFO:wikiedits.wiki_edit_extractor:Processed Revisions: 185000
INFO:wikiedits.wiki_edit_extractor:Processed Revisions: 190000
INFO:wikiedits.wiki_edit_extractor:Processed Revisions: 195000
INFO:wikiedits.wiki_edit_extractor:Processed Revisions: 200000
INFO:wikiedits.wiki_edit_extractor:Processed Revisions: 205000
INFO:wikiedits.wiki_edit_extractor:Processed Revisions: 210000
INFO:wikiedits.wiki_edit_extractor:Processed Revisions: 215000
INFO:wikiedits.wiki_edit_extractor:Processed Revisions: 220000
INFO:wikiedits.wiki_edit_extractor:Processed Revisions: 225000
INFO:wikiedits.wiki_edit_extractor:Processed Revisions: 230000
INFO:wikiedits.wiki_edit_extractor:Processed Revisions: 235000
INFO:wikiedits.wiki_edit_extractor:Processed Revisions: 240000
INFO:wikiedits.wiki_edit_extractor:Processed Revisions: 245000
INFO:wikiedits.wiki_edit_extractor:Processed Revisions: 250000
INFO:wikiedits.wiki_edit_extractor:Processed Revisions: 255000
INFO:wikiedits.wiki_edit_extractor:Processed Revisions: 260000
INFO:wikiedits.wiki_edit_extractor:Processed Revisions: 265000
INFO:wikiedits.wiki_edit_extractor:Processed Revisions: 270000
INFO:wikiedits.wiki_edit_extractor:Processed Revisions: 275000
INFO:wikiedits.wiki_edit_extractor:Processed Revisions: 280000
INFO:wikiedits.wiki_edit_extractor:Processed Revisions: 285000
INFO:wikiedits.wiki_edit_extractor:Processed Revisions: 290000
INFO:wikiedits.wiki_edit_extractor:Processed Revisions: 295000
INFO:wikiedits.wiki_edit_extractor:Processed Revisions: 300000
INFO:wikiedits.wiki_edit_extractor:Processed Revisions: 305000
INFO:wikiedits.wiki_edit_extractor:Processed Revisions: 310000
INFO:wikiedits.wiki_edit_extractor:Processed Revisions: 315000
INFO:wikiedits.wiki_edit_extractor:Processed Revisions: 320000
INFO:wikiedits.wiki_edit_extractor:Processed Revisions: 325000
INFO:wikiedits.wiki_edit_extractor:Processed Revisions: 330000
INFO:wikiedits.wiki_edit_extractor:Processed Revisions: 335000
INFO:wikiedits.wiki_edit_extractor:Processed Revisions: 340000
INFO:wikiedits.wiki_edit_extractor:Processed Revisions: 345000
INFO:wikiedits.wiki_edit_extractor:Processed Revisions: 350000
INFO:wikiedits.wiki_edit_extractor:Processed Revisions: 355000
INFO:wikiedits.wiki_edit_extractor:Processed Revisions: 360000
INFO:wikiedits.wiki_edit_extractor:Processed Revisions: 365000
INFO:wikiedits.wiki_edit_extractor:Processed Revisions: 370000
INFO:wikiedits.wiki_edit_extractor:Processed Revisions: 375000
INFO:wikiedits.wiki_edit_extractor:Processed Revisions: 380000
INFO:wikiedits.wiki_edit_extractor:Processed Revisions: 385000
INFO:wikiedits.wiki_edit_extractor:Processed Revisions: 390000
INFO:wikiedits.wiki_edit_extractor:Processed Revisions: 395000
INFO:wikiedits.wiki_edit_extractor:Processed Revisions: 400000
INFO:wikiedits.wiki_edit_extractor:Processed Revisions: 405000
INFO:wikiedits.wiki_edit_extractor:Processed Revisions: 410000
INFO:wikiedits.wiki_edit_extractor:Processed Revisions: 415000
INFO:wikiedits.wiki_edit_extractor:Processed Revisions: 420000
INFO:wikiedits.wiki_edit_extractor:Processed Revisions: 425000
INFO:wikiedits.wiki_edit_extractor:Processed Revisions: 430000
INFO:wikiedits.wiki_edit_extractor:Processed Revisions: 435000
INFO:wikiedits.wiki_edit_extractor:Processed Revisions: 440000
INFO:wikiedits.wiki_edit_extractor:Processed Revisions: 445000
INFO:wikiedits.wiki_edit_extractor:Processed Revisions: 450000
INFO:wikiedits.wiki_edit_extractor:Processed Revisions: 455000
INFO:wikiedits.wiki_edit_extractor:Processed Revisions: 460000
INFO:wikiedits.wiki_edit_extractor:Processed Revisions: 465000
INFO:wikiedits.wiki_edit_extractor:Processed Revisions: 470000
INFO:wikiedits.wiki_edit_extractor:Processed Revisions: 475000
INFO:wikiedits.wiki_edit_extractor:Processed Revisions: 480000
INFO:wikiedits.wiki_edit_extractor:Processed Revisions: 485000
INFO:wikiedits.wiki_edit_extractor:Processed Revisions: 490000
INFO:wikiedits.wiki_edit_extractor:Processed Revisions: 495000
INFO:wikiedits.wiki_edit_extractor:Processed Revisions: 500000
INFO:wikiedits.wiki_edit_extractor:Processed Revisions: 505000
INFO:wikiedits.wiki_edit_extractor:Processed Revisions: 510000
INFO:wikiedits.wiki_edit_extractor:Processed Revisions: 515000
INFO:wikiedits.wiki_edit_extractor:Processed Revisions: 520000
INFO:wikiedits.wiki_edit_extractor:Processed Revisions: 525000
INFO:wikiedits.wiki_edit_extractor:Processed Revisions: 530000
INFO:wikiedits.wiki_edit_extractor:Processed Revisions: 535000
INFO:wikiedits.wiki_edit_extractor:Processed Revisions: 540000
INFO:wikiedits.wiki_edit_extractor:Processed Revisions: 545000
INFO:wikiedits.wiki_edit_extractor:Processed Revisions: 550000
INFO:wikiedits.wiki_edit_extractor:Processed Revisions: 555000
INFO:wikiedits.wiki_edit_extractor:Processed Revisions: 560000
INFO:wikiedits.wiki_edit_extractor:Processed Revisions: 565000
INFO:wikiedits.wiki_edit_extractor:Processed Revisions: 570000
INFO:wikiedits.wiki_edit_extractor:Processed Revisions: 575000
INFO:wikiedits.wiki_edit_extractor:Processed Revisions: 580000
INFO:wikiedits.wiki_edit_extractor:Processed Revisions: 585000
INFO:wikiedits.wiki_edit_extractor:Processed Revisions: 590000
INFO:wikiedits.wiki_edit_extractor:Processed Revisions: 595000
INFO:wikiedits.wiki_edit_extractor:Processed Revisions: 600000
INFO:wikiedits.wiki_edit_extractor:Processed Revisions: 605000
INFO:wikiedits.wiki_edit_extractor:Processed Revisions: 610000
INFO:wikiedits.wiki_edit_extractor:Processed Revisions: 615000
INFO:wikiedits.wiki_edit_extractor:Processed Revisions: 620000
INFO:wikiedits.wiki_edit_extractor:Processed Revisions: 625000
INFO:wikiedits.wiki_edit_extractor:Processed Revisions: 630000
INFO:wikiedits.wiki_edit_extractor:Processed Revisions: 635000
INFO:wikiedits.wiki_edit_extractor:Processed Revisions: 640000
INFO:wikiedits.wiki_edit_extractor:Processed Revisions: 645000
INFO:wikiedits.wiki_edit_extractor:Processed Revisions: 650000
INFO:wikiedits.wiki_edit_extractor:Processed Revisions: 655000
INFO:wikiedits.wiki_edit_extractor:Processed Revisions: 660000
INFO:wikiedits.wiki_edit_extractor:Processed Revisions: 665000
INFO:wikiedits.wiki_edit_extractor:Processed Revisions: 670000
INFO:wikiedits.wiki_edit_extractor:Processed Revisions: 675000
INFO:wikiedits.wiki_edit_extractor:Processed Revisions: 680000
INFO:wikiedits.wiki_edit_extractor:Processed Revisions: 685000
INFO:wikiedits.wiki_edit_extractor:Processed Revisions: 690000
INFO:wikiedits.wiki_edit_extractor:Processed Revisions: 695000
INFO:wikiedits.wiki_edit_extractor:Processed Revisions: 700000
INFO:wikiedits.wiki_edit_extractor:Processed Revisions: 705000
INFO:wikiedits.wiki_edit_extractor:Processed Revisions: 710000
INFO:wikiedits.wiki_edit_extractor:Processed Revisions: 715000
INFO:wikiedits.wiki_edit_extractor:Processed Revisions: 720000
INFO:wikiedits.wiki_edit_extractor:Processed Revisions: 725000
INFO:wikiedits.wiki_edit_extractor:Processed Revisions: 730000
INFO:wikiedits.wiki_edit_extractor:Processed Revisions: 735000
INFO:wikiedits.wiki_edit_extractor:Processed Revisions: 740000
INFO:wikiedits.wiki_edit_extractor:Processed Revisions: 745000
INFO:wikiedits.wiki_edit_extractor:Processed Revisions: 750000
INFO:wikiedits.wiki_edit_extractor:Processed Revisions: 755000
INFO:wikiedits.wiki_edit_extractor:Processed Revisions: 760000
INFO:wikiedits.wiki_edit_extractor:Processed Revisions: 765000
INFO:wikiedits.wiki_edit_extractor:Processed Revisions: 770000
INFO:wikiedits.wiki_edit_extractor:Processed Revisions: 775000
INFO:wikiedits.wiki_edit_extractor:Processed Revisions: 780000
INFO:wikiedits.wiki_edit_extractor:Processed Revisions: 785000
INFO:wikiedits.wiki_edit_extractor:Processed Revisions: 790000
INFO:wikiedits.wiki_edit_extractor:Processed Revisions: 795000
INFO:wikiedits.wiki_edit_extractor:Processed Revisions: 800000
INFO:wikiedits.wiki_edit_extractor:Processed Revisions: 805000
INFO:wikiedits.wiki_edit_extractor:Processed Revisions: 810000
INFO:wikiedits.wiki_edit_extractor:Processed Revisions: 815000
INFO:wikiedits.wiki_edit_extractor:Processed Revisions: 820000
INFO:wikiedits.wiki_edit_extractor:Processed Revisions: 825000
INFO:wikiedits.wiki_edit_extractor:Processed Revisions: 830000
INFO:wikiedits.wiki_edit_extractor:Processed Revisions: 835000
INFO:wikiedits.wiki_edit_extractor:Processed Revisions: 840000
INFO:wikiedits.wiki_edit_extractor:Processed Revisions: 845000
INFO:wikiedits.wiki_edit_extractor:Processed Revisions: 850000
INFO:wikiedits.wiki_edit_extractor:Processed Revisions: 855000
INFO:wikiedits.wiki_edit_extractor:Processed Revisions: 860000
INFO:wikiedits.wiki_edit_extractor:Processed Revisions: 865000
INFO:wikiedits.wiki_edit_extractor:Processed Revisions: 870000
INFO:wikiedits.wiki_edit_extractor:Processed Revisions: 875000
INFO:wikiedits.wiki_edit_extractor:Processed Revisions: 880000
INFO:wikiedits.wiki_edit_extractor:Processed Revisions: 885000
INFO:wikiedits.wiki_edit_extractor:Processed Revisions: 890000
INFO:wikiedits.wiki_edit_extractor:Processed Revisions: 895000
INFO:wikiedits.wiki_edit_extractor:Processed Revisions: 900000
INFO:wikiedits.wiki_edit_extractor:Processed Revisions: 905000
INFO:wikiedits.wiki_edit_extractor:Processed Revisions: 910000
INFO:wikiedits.wiki_edit_extractor:Processed Revisions: 915000
INFO:wikiedits.wiki_edit_extractor:Processed Revisions: 920000
INFO:wikiedits.wiki_edit_extractor:Processed Revisions: 925000
INFO:wikiedits.wiki_edit_extractor:Processed Revisions: 930000
INFO:wikiedits.wiki_edit_extractor:Processed Revisions: 935000
INFO:wikiedits.wiki_edit_extractor:Processed Revisions: 940000
INFO:wikiedits.wiki_edit_extractor:Processed Revisions: 945000
INFO:wikiedits.wiki_edit_extractor:Processed Revisions: 950000
INFO:wikiedits.wiki_edit_extractor:Processed Revisions: 955000
INFO:wikiedits.wiki_edit_extractor:Processed Revisions: 960000
INFO:wikiedits.wiki_edit_extractor:Processed Revisions: 965000
INFO:wikiedits.wiki_edit_extractor:Processed Revisions: 970000
INFO:wikiedits.wiki_edit_extractor:Processed Revisions: 975000
INFO:wikiedits.wiki_edit_extractor:Processed Revisions: 980000
INFO:wikiedits.wiki_edit_extractor:Processed Revisions: 985000
INFO:wikiedits.wiki_edit_extractor:Processed Revisions: 990000
INFO:wikiedits.wiki_edit_extractor:Processed Revisions: 995000
INFO:wikiedits.wiki_edit_extractor:Processed Revisions: 1000000
INFO:wikiedits.wiki_edit_extractor:Processed Revisions: 1005000
INFO:wikiedits.wiki_edit_extractor:Processed Revisions: 1010000
INFO:wikiedits.wiki_edit_extractor:Processed Revisions: 1015000
INFO:wikiedits.wiki_edit_extractor:Processed Revisions: 1020000
INFO:wikiedits.wiki_edit_extractor:Processed Revisions: 1025000
INFO:wikiedits.wiki_edit_extractor:Processed Revisions: 1030000
INFO:wikiedits.wiki_edit_extractor:Processed Revisions: 1035000
INFO:wikiedits.wiki_edit_extractor:Processed Revisions: 1040000
INFO:wikiedits.wiki_edit_extractor:Processed Revisions: 1045000
INFO:wikiedits.wiki_edit_extractor:Processed Revisions: 1050000
INFO:wikiedits.wiki_edit_extractor:Processed Revisions: 1055000
INFO:wikiedits.wiki_edit_extractor:Processed Revisions: 1060000
INFO:wikiedits.wiki_edit_extractor:Processed Revisions: 1065000
INFO:wikiedits.wiki_edit_extractor:Processed Revisions: 1070000
INFO:wikiedits.wiki_edit_extractor:Processed Revisions: 1075000
INFO:wikiedits.wiki_edit_extractor:Processed Revisions: 1080000
INFO:wikiedits.wiki_edit_extractor:Processed Revisions: 1085000
INFO:wikiedits.wiki_edit_extractor:Processed Revisions: 1090000
INFO:wikiedits.wiki_edit_extractor:Processed Revisions: 1095000
INFO:wikiedits.wiki_edit_extractor:Processed Revisions: 1100000
INFO:wikiedits.wiki_edit_extractor:Processed Revisions: 1105000
INFO:wikiedits.wiki_edit_extractor:Processed Revisions: 1110000
INFO:wikiedits.wiki_edit_extractor:Processed Revisions: 1115000
INFO:wikiedits.wiki_edit_extractor:Processed Revisions: 1120000
INFO:wikiedits.wiki_edit_extractor:Processed Revisions: 1125000
INFO:wikiedits.wiki_edit_extractor:Processed Revisions: 1130000
INFO:wikiedits.wiki_edit_extractor:Processed Revisions: 1135000
INFO:wikiedits.wiki_edit_extractor:Processed Revisions: 1140000
INFO:wikiedits.wiki_edit_extractor:Processed Revisions: 1145000
INFO:wikiedits.wiki_edit_extractor:Processed Edits: 500
INFO:wikiedits.wiki_edit_extractor:Processed Revisions: 1150000
INFO:wikiedits.wiki_edit_extractor:Processed Edits: 1000
INFO:wikiedits.wiki_edit_extractor:Processed Revisions: 1155000
INFO:wikiedits.wiki_edit_extractor:Processed Revisions: 1160000
INFO:wikiedits.wiki_edit_extractor:Processed Revisions: 1165000
INFO:wikiedits.wiki_edit_extractor:Processed Edits: 1500
INFO:wikiedits.wiki_edit_extractor:Processed Revisions: 1170000
INFO:wikiedits.wiki_edit_extractor:Processed Revisions: 1175000
INFO:wikiedits.wiki_edit_extractor:Processed Edits: 2000
INFO:wikiedits.wiki_edit_extractor:Processed Edits: 2500
INFO:wikiedits.wiki_edit_extractor:Processed Revisions: 1180000
INFO:wikiedits.wiki_edit_extractor:Processed Revisions: 1185000
INFO:wikiedits.wiki_edit_extractor:Processed Edits: 3000
INFO:wikiedits.wiki_edit_extractor:Processed Revisions: 1190000
INFO:wikiedits.wiki_edit_extractor:Processed Revisions: 1195000
INFO:wikiedits.wiki_edit_extractor:Processed Revisions: 1200000
INFO:wikiedits.wiki_edit_extractor:Processed Revisions: 1205000
INFO:wikiedits.wiki_edit_extractor:Processed Revisions: 1210000
INFO:wikiedits.wiki_edit_extractor:Processed Revisions: 1215000
INFO:wikiedits.wiki_edit_extractor:Processed Revisions: 1220000
INFO:wikiedits.wiki_edit_extractor:Processed Edits: 3500
INFO:wikiedits.wiki_edit_extractor:Processed Revisions: 1225000
INFO:wikiedits.wiki_edit_extractor:Processed Revisions: 1230000
INFO:wikiedits.wiki_edit_extractor:Processed Revisions: 1235000
INFO:wikiedits.wiki_edit_extractor:Processed Edits: 4000
INFO:wikiedits.wiki_edit_extractor:Processed Revisions: 1240000
INFO:wikiedits.wiki_edit_extractor:Processed Revisions: 1245000
INFO:wikiedits.wiki_edit_extractor:Processed Revisions: 1250000
INFO:wikiedits.wiki_edit_extractor:Processed Edits: 4500
INFO:wikiedits.wiki_edit_extractor:Processed Revisions: 1255000
INFO:wikiedits.wiki_edit_extractor:Processed Revisions: 1260000
INFO:wikiedits.wiki_edit_extractor:Processed Revisions: 1265000
INFO:wikiedits.wiki_edit_extractor:Processed Revisions: 1270000
INFO:wikiedits.wiki_edit_extractor:Processed Edits: 5000
INFO:wikiedits.wiki_edit_extractor:Processed Revisions: 1275000
INFO:wikiedits.wiki_edit_extractor:Processed Revisions: 1280000
INFO:wikiedits.wiki_edit_extractor:Processed Revisions: 1285000
INFO:wikiedits.wiki_edit_extractor:Processed Revisions: 1290000
INFO:wikiedits.wiki_edit_extractor:Processed Edits: 5500
INFO:wikiedits.wiki_edit_extractor:Processed Revisions: 1295000
INFO:wikiedits.wiki_edit_extractor:Processed Revisions: 1300000
INFO:wikiedits.wiki_edit_extractor:Processed Revisions: 1305000
INFO:wikiedits.wiki_edit_extractor:Processed Revisions: 1310000
INFO:wikiedits.wiki_edit_extractor:Processed Edits: 6000
INFO:wikiedits.wiki_edit_extractor:Processed Revisions: 1315000
INFO:wikiedits.wiki_edit_extractor:Processed Revisions: 1320000
INFO:wikiedits.wiki_edit_extractor:Processed Revisions: 1325000
INFO:wikiedits.wiki_edit_extractor:Processed Edits: 6500
INFO:wikiedits.wiki_edit_extractor:Processed Revisions: 1330000
INFO:wikiedits.wiki_edit_extractor:Processed Revisions: 1335000
INFO:wikiedits.wiki_edit_extractor:Processed Revisions: 1340000
INFO:wikiedits.wiki_edit_extractor:Processed Edits: 7000
INFO:wikiedits.wiki_edit_extractor:Processed Revisions: 1345000
INFO:wikiedits.wiki_edit_extractor:Processed Revisions: 1350000
INFO:wikiedits.wiki_edit_extractor:Processed Revisions: 1355000
INFO:wikiedits.wiki_edit_extractor:Processed Revisions: 1360000
INFO:wikiedits.wiki_edit_extractor:Processed Revisions: 1365000
INFO:wikiedits.wiki_edit_extractor:Processed Revisions: 1370000
INFO:wikiedits.wiki_edit_extractor:Processed Revisions: 1375000
INFO:wikiedits.wiki_edit_extractor:Processed Edits: 8000
INFO:wikiedits.wiki_edit_extractor:Processed Revisions: 1380000
INFO:wikiedits.wiki_edit_extractor:Processed Revisions: 1385000
INFO:wikiedits.wiki_edit_extractor:Processed Revisions: 1390000
INFO:wikiedits.wiki_edit_extractor:Processed Revisions: 1395000
INFO:wikiedits.wiki_edit_extractor:Processed Revisions: 1400000
INFO:wikiedits.wiki_edit_extractor:Processed Edits: 8500
INFO:wikiedits.wiki_edit_extractor:Processed Revisions: 1405000
INFO:wikiedits.wiki_edit_extractor:Processed Revisions: 1410000
INFO:wikiedits.wiki_edit_extractor:Processed Revisions: 1415000
INFO:wikiedits.wiki_edit_extractor:Processed Revisions: 1420000
INFO:wikiedits.wiki_edit_extractor:Processed Edits: 9000
INFO:wikiedits.wiki_edit_extractor:Processed Revisions: 1425000
INFO:wikiedits.wiki_edit_extractor:Processed Revisions: 1430000
INFO:wikiedits.wiki_edit_extractor:Processed Revisions: 1435000
INFO:wikiedits.wiki_edit_extractor:Processed Revisions: 1440000
INFO:wikiedits.wiki_edit_extractor:Processed Revisions: 1445000
INFO:wikiedits.wiki_edit_extractor:Processed Revisions: 1450000
INFO:wikiedits.wiki_edit_extractor:Processed Revisions: 1455000
INFO:wikiedits.wiki_edit_extractor:Processed Revisions: 1460000
INFO:wikiedits.wiki_edit_extractor:Processed Revisions: 1465000
INFO:wikiedits.wiki_edit_extractor:Processed Edits: 10000
INFO:wikiedits.wiki_edit_extractor:Processed Revisions: 1470000
INFO:wikiedits.wiki_edit_extractor:Processed Revisions: 1475000
INFO:wikiedits.wiki_edit_extractor:Processed Edits: 10500
INFO:wikiedits.wiki_edit_extractor:Processed Revisions: 1480000
INFO:wikiedits.wiki_edit_extractor:Processed Revisions: 1485000
INFO:wikiedits.wiki_edit_extractor:Processed Revisions: 1490000
INFO:wikiedits.wiki_edit_extractor:Processed Revisions: 1495000
INFO:wikiedits.wiki_edit_extractor:Processed Edits: 11000
INFO:wikiedits.wiki_edit_extractor:Processed Revisions: 1500000
INFO:wikiedits.wiki_edit_extractor:Processed Revisions: 1505000
INFO:wikiedits.wiki_edit_extractor:Processed Revisions: 1510000
INFO:wikiedits.wiki_edit_extractor:Processed Revisions: 1515000
INFO:wikiedits.wiki_edit_extractor:Processed Revisions: 1520000
INFO:wikiedits.wiki_edit_extractor:Processed Revisions: 1525000
INFO:wikiedits.wiki_edit_extractor:Processed Revisions: 1530000
INFO:wikiedits.wiki_edit_extractor:Processed Revisions: 1535000
INFO:wikiedits.wiki_edit_extractor:Processed Edits: 11500
INFO:wikiedits.wiki_edit_extractor:Processed Revisions: 1540000
INFO:wikiedits.wiki_edit_extractor:Processed Revisions: 1545000
INFO:wikiedits.wiki_edit_extractor:Processed Revisions: 1550000
INFO:wikiedits.wiki_edit_extractor:Processed Revisions: 1555000
INFO:wikiedits.wiki_edit_extractor:Processed Revisions: 1560000
INFO:wikiedits.wiki_edit_extractor:Processed Revisions: 1565000
INFO:wikiedits.wiki_edit_extractor:Processed Revisions: 1570000
INFO:wikiedits.wiki_edit_extractor:Processed Revisions: 1575000
INFO:wikiedits.wiki_edit_extractor:Processed Revisions: 1580000
INFO:wikiedits.wiki_edit_extractor:Processed Revisions: 1585000
INFO:wikiedits.wiki_edit_extractor:Processed Revisions: 1590000
INFO:wikiedits.wiki_edit_extractor:Processed Revisions: 1595000
INFO:wikiedits.wiki_edit_extractor:Processed Revisions: 1600000
INFO:wikiedits.wiki_edit_extractor:Processed Revisions: 1605000
INFO:wikiedits.wiki_edit_extractor:Processed Revisions: 1610000
INFO:wikiedits.wiki_edit_extractor:Processed Revisions: 1615000
INFO:wikiedits.wiki_edit_extractor:Processed Revisions: 1620000
INFO:wikiedits.wiki_edit_extractor:Processed Edits: 12500
INFO:wikiedits.wiki_edit_extractor:Processed Revisions: 1625000
INFO:wikiedits.wiki_edit_extractor:Processed Revisions: 1630000
INFO:wikiedits.wiki_edit_extractor:Processed Revisions: 1635000
INFO:wikiedits.wiki_edit_extractor:Processed Edits: 13000
INFO:wikiedits.wiki_edit_extractor:Processed Revisions: 1640000
INFO:wikiedits.wiki_edit_extractor:Processed Revisions: 1645000
INFO:wikiedits.wiki_edit_extractor:Processed Revisions: 1650000
INFO:wikiedits.wiki_edit_extractor:Processed Revisions: 1655000
INFO:wikiedits.wiki_edit_extractor:Processed Revisions: 1660000
INFO:wikiedits.wiki_edit_extractor:Processed Edits: 13500
INFO:wikiedits.wiki_edit_extractor:Processed Revisions: 1665000
INFO:wikiedits.wiki_edit_extractor:Processed Revisions: 1670000
INFO:wikiedits.wiki_edit_extractor:Processed Revisions: 1675000
INFO:wikiedits.wiki_edit_extractor:Processed Revisions: 1680000
INFO:wikiedits.wiki_edit_extractor:Processed Revisions: 1685000
INFO:wikiedits.wiki_edit_extractor:Processed Revisions: 1690000
INFO:wikiedits.wiki_edit_extractor:Processed Revisions: 1695000
INFO:wikiedits.wiki_edit_extractor:Processed Edits: 14000
INFO:wikiedits.wiki_edit_extractor:Processed Revisions: 1700000
INFO:wikiedits.wiki_edit_extractor:Processed Revisions: 1705000
INFO:wikiedits.wiki_edit_extractor:Processed Revisions: 1710000
INFO:wikiedits.wiki_edit_extractor:Processed Edits: 14500
INFO:wikiedits.wiki_edit_extractor:Processed Revisions: 1715000
INFO:wikiedits.wiki_edit_extractor:Processed Revisions: 1720000
INFO:wikiedits.wiki_edit_extractor:Processed Revisions: 1725000
INFO:wikiedits.wiki_edit_extractor:Processed Revisions: 1730000
INFO:wikiedits.wiki_edit_extractor:Processed Revisions: 1735000
INFO:wikiedits.wiki_edit_extractor:Processed Edits: 15000
INFO:wikiedits.wiki_edit_extractor:Processed Revisions: 1740000
INFO:wikiedits.wiki_edit_extractor:Processed Revisions: 1745000
INFO:wikiedits.wiki_edit_extractor:Processed Revisions: 1750000
INFO:wikiedits.wiki_edit_extractor:Processed Revisions: 1755000
INFO:wikiedits.wiki_edit_extractor:Processed Revisions: 1760000
INFO:wikiedits.wiki_edit_extractor:Processed Revisions: 1765000
INFO:wikiedits.wiki_edit_extractor:Processed Revisions: 1770000
INFO:wikiedits.wiki_edit_extractor:Processed Revisions: 1775000
INFO:wikiedits.wiki_edit_extractor:Processed Revisions: 1780000
INFO:wikiedits.wiki_edit_extractor:Processed Revisions: 1785000
INFO:wikiedits.wiki_edit_extractor:Processed Revisions: 1790000
INFO:wikiedits.wiki_edit_extractor:Processed Edits: 15500
INFO:wikiedits.wiki_edit_extractor:Processed Revisions: 1795000
INFO:wikiedits.wiki_edit_extractor:Processed Revisions: 1800000
INFO:wikiedits.wiki_edit_extractor:Processed Revisions: 1805000
INFO:wikiedits.wiki_edit_extractor:Processed Revisions: 1810000
INFO:wikiedits.wiki_edit_extractor:Processed Revisions: 1815000
INFO:wikiedits.wiki_edit_extractor:Processed Revisions: 1820000
INFO:wikiedits.wiki_edit_extractor:Processed Revisions: 1825000
INFO:wikiedits.wiki_edit_extractor:Processed Revisions: 1830000
INFO:wikiedits.wiki_edit_extractor:Processed Edits: 16000
INFO:wikiedits.wiki_edit_extractor:Processed Revisions: 1835000
INFO:wikiedits.wiki_edit_extractor:Processed Revisions: 1840000
INFO:wikiedits.wiki_edit_extractor:Processed Revisions: 1845000
INFO:wikiedits.wiki_edit_extractor:Processed Edits: 16500
INFO:wikiedits.wiki_edit_extractor:Processed Revisions: 1850000
INFO:wikiedits.wiki_edit_extractor:Processed Revisions: 1855000
INFO:wikiedits.wiki_edit_extractor:Processed Revisions: 1860000
INFO:wikiedits.wiki_edit_extractor:Processed Edits: 17000
INFO:wikiedits.wiki_edit_extractor:Processed Revisions: 1865000
INFO:wikiedits.wiki_edit_extractor:Processed Revisions: 1870000
INFO:wikiedits.wiki_edit_extractor:Processed Edits: 19000
INFO:wikiedits.wiki_edit_extractor:Processed Revisions: 1875000
INFO:wikiedits.wiki_edit_extractor:Processed Revisions: 1880000
INFO:wikiedits.wiki_edit_extractor:Processed Revisions: 1885000
INFO:wikiedits.wiki_edit_extractor:Processed Revisions: 1890000
INFO:wikiedits.wiki_edit_extractor:Processed Revisions: 1895000
INFO:wikiedits.wiki_edit_extractor:Processed Edits: 19500
INFO:wikiedits.wiki_edit_extractor:Processed Revisions: 1900000
INFO:wikiedits.wiki_edit_extractor:Processed Revisions: 1905000
INFO:wikiedits.wiki_edit_extractor:Processed Revisions: 1910000
INFO:wikiedits.wiki_edit_extractor:Processed Revisions: 1915000
INFO:wikiedits.wiki_edit_extractor:Processed Edits: 20000
INFO:wikiedits.wiki_edit_extractor:Processed Revisions: 1920000
INFO:wikiedits.wiki_edit_extractor:Processed Revisions: 1925000
INFO:wikiedits.wiki_edit_extractor:Processed Revisions: 1930000
INFO:wikiedits.wiki_edit_extractor:Processed Edits: 20500
INFO:wikiedits.wiki_edit_extractor:Processed Revisions: 1935000
INFO:wikiedits.wiki_edit_extractor:Processed Revisions: 1940000
INFO:wikiedits.wiki_edit_extractor:Processed Revisions: 1945000
INFO:wikiedits.wiki_edit_extractor:Processed Revisions: 1950000
INFO:wikiedits.wiki_edit_extractor:Processed Revisions: 1955000
INFO:wikiedits.wiki_edit_extractor:Processed Edits: 21000
INFO:wikiedits.wiki_edit_extractor:Processed Revisions: 1960000
INFO:wikiedits.wiki_edit_extractor:Processed Revisions: 1965000
INFO:wikiedits.wiki_edit_extractor:Processed Revisions: 1970000
INFO:wikiedits.wiki_edit_extractor:Processed Edits: 21500
INFO:wikiedits.wiki_edit_extractor:Processed Revisions: 1975000
INFO:wikiedits.wiki_edit_extractor:Processed Revisions: 1980000
INFO:wikiedits.wiki_edit_extractor:Processed Revisions: 1985000
INFO:wikiedits.wiki_edit_extractor:Processed Revisions: 1990000
INFO:wikiedits.wiki_edit_extractor:Processed Revisions: 1995000
INFO:wikiedits.wiki_edit_extractor:Processed Revisions: 2000000
INFO:wikiedits.wiki_edit_extractor:Processed Revisions: 2005000
INFO:wikiedits.wiki_edit_extractor:Processed Revisions: 2010000
INFO:wikiedits.wiki_edit_extractor:Processed Edits: 22500
INFO:wikiedits.wiki_edit_extractor:Processed Revisions: 2015000
INFO:wikiedits.wiki_edit_extractor:Processed Revisions: 2020000
INFO:wikiedits.wiki_edit_extractor:Processed Edits: 23000
INFO:wikiedits.wiki_edit_extractor:Processed Revisions: 2025000
INFO:wikiedits.wiki_edit_extractor:Processed Revisions: 2030000
INFO:wikiedits.wiki_edit_extractor:Processed Revisions: 2035000
INFO:wikiedits.wiki_edit_extractor:Processed Edits: 23500
INFO:wikiedits.wiki_edit_extractor:Processed Revisions: 2040000
INFO:wikiedits.wiki_edit_extractor:Processed Revisions: 2045000
INFO:wikiedits.wiki_edit_extractor:Processed Edits: 24000
INFO:wikiedits.wiki_edit_extractor:Processed Revisions: 2050000
INFO:wikiedits.wiki_edit_extractor:Processed Revisions: 2055000
INFO:wikiedits.wiki_edit_extractor:Processed Revisions: 2060000
INFO:wikiedits.wiki_edit_extractor:Processed Revisions: 2065000
INFO:wikiedits.wiki_edit_extractor:Processed Revisions: 2070000
INFO:wikiedits.wiki_edit_extractor:Processed Revisions: 2075000
INFO:wikiedits.wiki_edit_extractor:Processed Revisions: 2080000
INFO:wikiedits.wiki_edit_extractor:Processed Revisions: 2085000
INFO:wikiedits.wiki_edit_extractor:Processed Revisions: 2090000
INFO:wikiedits.wiki_edit_extractor:Processed Edits: 25500
INFO:wikiedits.wiki_edit_extractor:Processed Revisions: 2095000
INFO:wikiedits.wiki_edit_extractor:Processed Revisions: 2100000
INFO:wikiedits.wiki_edit_extractor:Processed Revisions: 2105000
INFO:wikiedits.wiki_edit_extractor:Processed Edits: 26000
INFO:wikiedits.wiki_edit_extractor:Processed Revisions: 2110000
INFO:wikiedits.wiki_edit_extractor:Processed Revisions: 2115000
INFO:wikiedits.wiki_edit_extractor:Processed Edits: 26500
INFO:wikiedits.wiki_edit_extractor:Processed Revisions: 2120000
INFO:wikiedits.wiki_edit_extractor:Processed Revisions: 2125000
INFO:wikiedits.wiki_edit_extractor:Processed Revisions: 2130000
INFO:wikiedits.wiki_edit_extractor:Processed Revisions: 2135000
INFO:wikiedits.wiki_edit_extractor:Processed Revisions: 2140000
INFO:wikiedits.wiki_edit_extractor:Processed Revisions: 2145000
INFO:wikiedits.wiki_edit_extractor:Processed Revisions: 2150000
INFO:wikiedits.wiki_edit_extractor:Processed Revisions: 2155000
INFO:wikiedits.wiki_edit_extractor:Processed Revisions: 2160000
INFO:wikiedits.wiki_edit_extractor:Processed Revisions: 2165000
INFO:wikiedits.wiki_edit_extractor:Processed Revisions: 2170000
INFO:wikiedits.wiki_edit_extractor:Processed Revisions: 2175000
INFO:wikiedits.wiki_edit_extractor:Processed Revisions: 2180000
INFO:wikiedits.wiki_edit_extractor:Processed Revisions: 2185000
INFO:wikiedits.wiki_edit_extractor:Processed Revisions: 2190000
INFO:wikiedits.wiki_edit_extractor:Processed Revisions: 2195000
INFO:wikiedits.wiki_edit_extractor:Processed Revisions: 2200000
INFO:wikiedits.wiki_edit_extractor:Processed Revisions: 2205000
INFO:wikiedits.wiki_edit_extractor:Processed Edits: 27000
INFO:wikiedits.wiki_edit_extractor:Processed Revisions: 2210000
INFO:wikiedits.wiki_edit_extractor:Processed Revisions: 2215000
INFO:wikiedits.wiki_edit_extractor:Processed Revisions: 2220000
INFO:wikiedits.wiki_edit_extractor:Processed Revisions: 2225000
INFO:wikiedits.wiki_edit_extractor:Processed Edits: 27500
INFO:wikiedits.wiki_edit_extractor:Processed Revisions: 2230000
INFO:wikiedits.wiki_edit_extractor:Processed Revisions: 2235000
INFO:wikiedits.wiki_edit_extractor:Processed Revisions: 2240000
INFO:wikiedits.wiki_edit_extractor:Processed Edits: 28000
INFO:wikiedits.wiki_edit_extractor:Processed Revisions: 2245000
INFO:wikiedits.wiki_edit_extractor:Processed Revisions: 2250000
INFO:wikiedits.wiki_edit_extractor:Processed Revisions: 2255000
INFO:wikiedits.wiki_edit_extractor:Processed Edits: 28500
INFO:wikiedits.wiki_edit_extractor:Processed Revisions: 2260000
INFO:wikiedits.wiki_edit_extractor:Processed Revisions: 2265000
INFO:wikiedits.wiki_edit_extractor:Processed Revisions: 2270000
INFO:wikiedits.wiki_edit_extractor:Processed Edits: 29000
INFO:wikiedits.wiki_edit_extractor:Processed Revisions: 2275000
INFO:wikiedits.wiki_edit_extractor:Processed Revisions: 2280000
INFO:wikiedits.wiki_edit_extractor:Processed Revisions: 2285000
INFO:wikiedits.wiki_edit_extractor:Processed Revisions: 2290000
INFO:wikiedits.wiki_edit_extractor:Processed Edits: 29500
INFO:wikiedits.wiki_edit_extractor:Processed Revisions: 2295000
INFO:wikiedits.wiki_edit_extractor:Processed Revisions: 2300000
INFO:wikiedits.wiki_edit_extractor:Processed Edits: 30000
INFO:wikiedits.wiki_edit_extractor:Processed Revisions: 2305000
INFO:wikiedits.wiki_edit_extractor:Processed Revisions: 2310000
INFO:wikiedits.wiki_edit_extractor:Processed Revisions: 2315000
INFO:wikiedits.wiki_edit_extractor:Processed Edits: 30500
INFO:wikiedits.wiki_edit_extractor:Processed Revisions: 2320000
INFO:wikiedits.wiki_edit_extractor:Processed Revisions: 2325000
INFO:wikiedits.wiki_edit_extractor:Processed Revisions: 2330000
INFO:wikiedits.wiki_edit_extractor:Processed Edits: 31000
INFO:wikiedits.wiki_edit_extractor:Processed Revisions: 2335000
INFO:wikiedits.wiki_edit_extractor:Processed Revisions: 2340000
INFO:wikiedits.wiki_edit_extractor:Processed Revisions: 2345000
INFO:wikiedits.wiki_edit_extractor:Processed Edits: 31500
INFO:wikiedits.wiki_edit_extractor:Processed Revisions: 2350000
INFO:wikiedits.wiki_edit_extractor:Processed Edits: 32000
INFO:wikiedits.wiki_edit_extractor:Processed Revisions: 2355000
INFO:wikiedits.wiki_edit_extractor:Processed Revisions: 2360000
INFO:wikiedits.wiki_edit_extractor:Processed Revisions: 2365000
INFO:wikiedits.wiki_edit_extractor:Processed Revisions: 2370000
INFO:wikiedits.wiki_edit_extractor:Processed Edits: 32500
INFO:wikiedits.wiki_edit_extractor:Processed Revisions: 2375000
INFO:wikiedits.wiki_edit_extractor:Processed Revisions: 2380000
INFO:wikiedits.wiki_edit_extractor:Processed Revisions: 2385000
INFO:wikiedits.wiki_edit_extractor:Processed Revisions: 2390000
INFO:wikiedits.wiki_edit_extractor:Processed Revisions: 2395000
INFO:wikiedits.wiki_edit_extractor:Processed Revisions: 2400000
INFO:wikiedits.wiki_edit_extractor:Processed Edits: 33000
INFO:wikiedits.wiki_edit_extractor:Processed Revisions: 2405000
INFO:wikiedits.wiki_edit_extractor:Processed Revisions: 2410000
INFO:wikiedits.wiki_edit_extractor:Processed Revisions: 2415000
INFO:wikiedits.wiki_edit_extractor:Processed Revisions: 2420000
INFO:wikiedits.wiki_edit_extractor:Processed Revisions: 2425000
INFO:wikiedits.wiki_edit_extractor:Processed Revisions: 2430000
INFO:wikiedits.wiki_edit_extractor:Processed Revisions: 2435000
INFO:wikiedits.wiki_edit_extractor:Processed Revisions: 2440000
INFO:wikiedits.wiki_edit_extractor:Processed Edits: 34000
INFO:wikiedits.wiki_edit_extractor:Processed Revisions: 2445000
INFO:wikiedits.wiki_edit_extractor:Processed Revisions: 2450000
INFO:wikiedits.wiki_edit_extractor:Processed Revisions: 2455000
INFO:wikiedits.wiki_edit_extractor:Processed Revisions: 2460000
INFO:wikiedits.wiki_edit_extractor:Processed Revisions: 2465000
INFO:wikiedits.wiki_edit_extractor:Processed Edits: 34500
INFO:wikiedits.wiki_edit_extractor:Processed Revisions: 2470000
INFO:wikiedits.wiki_edit_extractor:Processed Revisions: 2475000
INFO:wikiedits.wiki_edit_extractor:Processed Revisions: 2480000
INFO:wikiedits.wiki_edit_extractor:Processed Revisions: 2485000
INFO:wikiedits.wiki_edit_extractor:Processed Edits: 35000
INFO:wikiedits.wiki_edit_extractor:Processed Revisions: 2490000
INFO:wikiedits.wiki_edit_extractor:Processed Revisions: 2495000
INFO:wikiedits.wiki_edit_extractor:Processed Revisions: 2500000
INFO:wikiedits.wiki_edit_extractor:Processed Revisions: 2505000
INFO:wikiedits.wiki_edit_extractor:Processed Edits: 35500
INFO:wikiedits.wiki_edit_extractor:Processed Revisions: 2510000
INFO:wikiedits.wiki_edit_extractor:Processed Revisions: 2515000
INFO:wikiedits.wiki_edit_extractor:Processed Revisions: 2520000
INFO:wikiedits.wiki_edit_extractor:Processed Edits: 36000
INFO:wikiedits.wiki_edit_extractor:Processed Revisions: 2525000
INFO:wikiedits.wiki_edit_extractor:Processed Revisions: 2530000
INFO:wikiedits.wiki_edit_extractor:Processed Revisions: 2535000
INFO:wikiedits.wiki_edit_extractor:Processed Revisions: 2540000
INFO:wikiedits.wiki_edit_extractor:Processed Revisions: 2545000
INFO:wikiedits.wiki_edit_extractor:Processed Revisions: 2550000
INFO:wikiedits.wiki_edit_extractor:Processed Revisions: 2555000
INFO:wikiedits.wiki_edit_extractor:Processed Revisions: 2560000
INFO:wikiedits.wiki_edit_extractor:Processed Revisions: 2565000
INFO:wikiedits.wiki_edit_extractor:Processed Revisions: 2570000
INFO:wikiedits.wiki_edit_extractor:Processed Revisions: 2575000
INFO:wikiedits.wiki_edit_extractor:Processed Revisions: 2580000
INFO:wikiedits.wiki_edit_extractor:Processed Edits: 37000
INFO:wikiedits.wiki_edit_extractor:Processed Revisions: 2585000
INFO:wikiedits.wiki_edit_extractor:Processed Revisions: 2590000
INFO:wikiedits.wiki_edit_extractor:Processed Revisions: 2595000
INFO:wikiedits.wiki_edit_extractor:Processed Revisions: 2600000
INFO:wikiedits.wiki_edit_extractor:Processed Revisions: 2605000
INFO:wikiedits.wiki_edit_extractor:Processed Revisions: 2610000
INFO:wikiedits.wiki_edit_extractor:Processed Revisions: 2615000
INFO:wikiedits.wiki_edit_extractor:Processed Edits: 37500
INFO:wikiedits.wiki_edit_extractor:Processed Revisions: 2620000
INFO:wikiedits.wiki_edit_extractor:Processed Revisions: 2625000
INFO:wikiedits.wiki_edit_extractor:Processed Revisions: 2630000
INFO:wikiedits.wiki_edit_extractor:Processed Revisions: 2635000
INFO:wikiedits.wiki_edit_extractor:Processed Edits: 38000
INFO:wikiedits.wiki_edit_extractor:Processed Revisions: 2640000
INFO:wikiedits.wiki_edit_extractor:Processed Revisions: 2645000
INFO:wikiedits.wiki_edit_extractor:Processed Revisions: 2650000
INFO:wikiedits.wiki_edit_extractor:Processed Revisions: 2655000
INFO:wikiedits.wiki_edit_extractor:Processed Revisions: 2660000
INFO:wikiedits.wiki_edit_extractor:Processed Revisions: 2665000
INFO:wikiedits.wiki_edit_extractor:Processed Revisions: 2670000
INFO:wikiedits.wiki_edit_extractor:Processed Edits: 38500
INFO:wikiedits.wiki_edit_extractor:Processed Revisions: 2675000
INFO:wikiedits.wiki_edit_extractor:Processed Revisions: 2680000
INFO:wikiedits.wiki_edit_extractor:Processed Revisions: 2685000
INFO:wikiedits.wiki_edit_extractor:Processed Edits: 39000
INFO:wikiedits.wiki_edit_extractor:Processed Revisions: 2690000
INFO:wikiedits.wiki_edit_extractor:Processed Revisions: 2695000
INFO:wikiedits.wiki_edit_extractor:Processed Revisions: 2700000
INFO:wikiedits.wiki_edit_extractor:Processed Revisions: 2705000
INFO:wikiedits.wiki_edit_extractor:Processed Revisions: 2710000
INFO:wikiedits.wiki_edit_extractor:Processed Revisions: 2715000
INFO:wikiedits.wiki_edit_extractor:Processed Revisions: 2720000
INFO:wikiedits.wiki_edit_extractor:Processed Revisions: 2725000
INFO:wikiedits.wiki_edit_extractor:Processed Revisions: 2730000
INFO:wikiedits.wiki_edit_extractor:Processed Revisions: 2735000
INFO:wikiedits.wiki_edit_extractor:Processed Revisions: 2740000
INFO:wikiedits.wiki_edit_extractor:Processed Revisions: 2745000
INFO:wikiedits.wiki_edit_extractor:Processed Revisions: 2750000
INFO:wikiedits.wiki_edit_extractor:Processed Revisions: 2755000
INFO:wikiedits.wiki_edit_extractor:Processed Edits: 39500
INFO:wikiedits.wiki_edit_extractor:Processed Revisions: 2760000
INFO:wikiedits.wiki_edit_extractor:Processed Revisions: 2765000
INFO:wikiedits.wiki_edit_extractor:Processed Revisions: 2770000
INFO:wikiedits.wiki_edit_extractor:Processed Revisions: 2775000
INFO:wikiedits.wiki_edit_extractor:Processed Revisions: 2780000
INFO:wikiedits.wiki_edit_extractor:Processed Edits: 40000
INFO:wikiedits.wiki_edit_extractor:Processed Revisions: 2785000
INFO:wikiedits.wiki_edit_extractor:Processed Revisions: 2790000
INFO:wikiedits.wiki_edit_extractor:Processed Revisions: 2795000
INFO:wikiedits.wiki_edit_extractor:Processed Revisions: 2800000
INFO:wikiedits.wiki_edit_extractor:Processed Revisions: 2805000
INFO:wikiedits.wiki_edit_extractor:Processed Revisions: 2810000
INFO:wikiedits.wiki_edit_extractor:Processed Revisions: 2815000
INFO:wikiedits.wiki_edit_extractor:Processed Revisions: 2820000
INFO:wikiedits.wiki_edit_extractor:Processed Revisions: 2825000
INFO:wikiedits.wiki_edit_extractor:Processed Revisions: 2830000
INFO:wikiedits.wiki_edit_extractor:Processed Revisions: 2835000
INFO:wikiedits.wiki_edit_extractor:Processed Revisions: 2840000
INFO:wikiedits.wiki_edit_extractor:Processed Revisions: 2845000
INFO:wikiedits.wiki_edit_extractor:Processed Revisions: 2850000
INFO:wikiedits.wiki_edit_extractor:Processed Edits: 40500
INFO:wikiedits.wiki_edit_extractor:Processed Revisions: 2855000
INFO:wikiedits.wiki_edit_extractor:Processed Revisions: 2860000
INFO:wikiedits.wiki_edit_extractor:Processed Revisions: 2865000
INFO:wikiedits.wiki_edit_extractor:Processed Revisions: 2870000
INFO:wikiedits.wiki_edit_extractor:Processed Revisions: 2875000
INFO:wikiedits.wiki_edit_extractor:Processed Revisions: 2880000
INFO:wikiedits.wiki_edit_extractor:Processed Revisions: 2885000
INFO:wikiedits.wiki_edit_extractor:Processed Edits: 41000
INFO:wikiedits.wiki_edit_extractor:Processed Revisions: 2890000
INFO:wikiedits.wiki_edit_extractor:Processed Revisions: 2895000
INFO:wikiedits.wiki_edit_extractor:Processed Edits: 43000
INFO:wikiedits.wiki_edit_extractor:Processed Revisions: 2900000
INFO:wikiedits.wiki_edit_extractor:Processed Edits: 44500
INFO:wikiedits.wiki_edit_extractor:Processed Revisions: 2905000
INFO:wikiedits.wiki_edit_extractor:Processed Revisions: 2910000
INFO:wikiedits.wiki_edit_extractor:Processed Revisions: 2915000
INFO:wikiedits.wiki_edit_extractor:Processed Revisions: 2920000
INFO:wikiedits.wiki_edit_extractor:Processed Revisions: 2925000
INFO:wikiedits.wiki_edit_extractor:Processed Revisions: 2930000
INFO:wikiedits.wiki_edit_extractor:Processed Revisions: 2935000
INFO:wikiedits.wiki_edit_extractor:Processed Revisions: 2940000
INFO:wikiedits.wiki_edit_extractor:Processed Revisions: 2945000
INFO:wikiedits.wiki_edit_extractor:Processed Revisions: 2950000
INFO:wikiedits.wiki_edit_extractor:Processed Revisions: 2955000
INFO:wikiedits.wiki_edit_extractor:Processed Revisions: 2960000
INFO:wikiedits.wiki_edit_extractor:Processed Revisions: 2965000
INFO:wikiedits.wiki_edit_extractor:Processed Revisions: 2970000
INFO:wikiedits.wiki_edit_extractor:Processed Revisions: 2975000
INFO:wikiedits.wiki_edit_extractor:Processed Revisions: 2980000
INFO:wikiedits.wiki_edit_extractor:Processed Edits: 46500
INFO:wikiedits.wiki_edit_extractor:Processed Revisions: 2985000
INFO:wikiedits.wiki_edit_extractor:Processed Revisions: 2990000
INFO:wikiedits.wiki_edit_extractor:Processed Edits: 48500
INFO:wikiedits.wiki_edit_extractor:Processed Revisions: 2995000
INFO:wikiedits.wiki_edit_extractor:Processed Edits: 49500
INFO:wikiedits.wiki_edit_extractor:Processed Revisions: 3000000
INFO:wikiedits.wiki_edit_extractor:Processed Revisions: 3005000
INFO:wikiedits.wiki_edit_extractor:Processed Edits: 50500
INFO:wikiedits.wiki_edit_extractor:Processed Revisions: 3010000
INFO:wikiedits.wiki_edit_extractor:Processed Edits: 52000
INFO:wikiedits.wiki_edit_extractor:Processed Revisions: 3015000
INFO:wikiedits.wiki_edit_extractor:Processed Revisions: 3020000
INFO:wikiedits.wiki_edit_extractor:Processed Edits: 52500
INFO:wikiedits.wiki_edit_extractor:Processed Edits: 53000
INFO:wikiedits.wiki_edit_extractor:Processed Revisions: 3025000
INFO:wikiedits.wiki_edit_extractor:Processed Edits: 53500
INFO:wikiedits.wiki_edit_extractor:Processed Revisions: 3030000
INFO:wikiedits.wiki_edit_extractor:Processed Edits: 54000
INFO:wikiedits.wiki_edit_extractor:Processed Revisions: 3035000
INFO:wikiedits.wiki_edit_extractor:Processed Revisions: 3040000
INFO:wikiedits.wiki_edit_extractor:Processed Revisions: 3045000
INFO:wikiedits.wiki_edit_extractor:Processed Revisions: 3050000
INFO:wikiedits.wiki_edit_extractor:Processed Revisions: 3055000
INFO:wikiedits.wiki_edit_extractor:Processed Edits: 54500
INFO:wikiedits.wiki_edit_extractor:Processed Revisions: 3060000
INFO:wikiedits.wiki_edit_extractor:Processed Revisions: 3065000
INFO:wikiedits.wiki_edit_extractor:Processed Revisions: 3070000
INFO:wikiedits.wiki_edit_extractor:Processed Revisions: 3075000
INFO:wikiedits.wiki_edit_extractor:Processed Revisions: 3080000
INFO:wikiedits.wiki_edit_extractor:Processed Revisions: 3085000
INFO:wikiedits.wiki_edit_extractor:Processed Revisions: 3090000
INFO:wikiedits.wiki_edit_extractor:Processed Revisions: 3095000
INFO:wikiedits.wiki_edit_extractor:Processed Revisions: 3100000
INFO:wikiedits.wiki_edit_extractor:Processed Revisions: 3105000
INFO:wikiedits.wiki_edit_extractor:Processed Revisions: 3110000
INFO:wikiedits.wiki_edit_extractor:Processed Revisions: 3115000
INFO:wikiedits.wiki_edit_extractor:Processed Revisions: 3120000
INFO:wikiedits.wiki_edit_extractor:Processed Revisions: 3125000
INFO:wikiedits.wiki_edit_extractor:Processed Revisions: 3130000
INFO:wikiedits.wiki_edit_extractor:Processed Revisions: 3135000
INFO:wikiedits.wiki_edit_extractor:Processed Revisions: 3140000
INFO:wikiedits.wiki_edit_extractor:Processed Revisions: 3145000
INFO:wikiedits.wiki_edit_extractor:Processed Revisions: 3150000
INFO:wikiedits.wiki_edit_extractor:Processed Revisions: 3155000
INFO:wikiedits.wiki_edit_extractor:Processed Revisions: 3160000
INFO:wikiedits.wiki_edit_extractor:Processed Revisions: 3165000
INFO:wikiedits.wiki_edit_extractor:Processed Revisions: 3170000
INFO:wikiedits.wiki_edit_extractor:Processed Revisions: 3175000
INFO:wikiedits.wiki_edit_extractor:Processed Edits: 55000
INFO:wikiedits.wiki_edit_extractor:Processed Revisions: 3180000
INFO:wikiedits.wiki_edit_extractor:Processed Revisions: 3185000
INFO:wikiedits.wiki_edit_extractor:Processed Revisions: 3190000
INFO:wikiedits.wiki_edit_extractor:Processed Revisions: 3195000
INFO:wikiedits.wiki_edit_extractor:Processed Revisions: 3200000
INFO:wikiedits.wiki_edit_extractor:Processed Revisions: 3205000
INFO:wikiedits.wiki_edit_extractor:Processed Edits: 55500
INFO:wikiedits.wiki_edit_extractor:Processed Revisions: 3210000
INFO:wikiedits.wiki_edit_extractor:Processed Revisions: 3215000
INFO:wikiedits.wiki_edit_extractor:Processed Revisions: 3220000
INFO:wikiedits.wiki_edit_extractor:Processed Edits: 56000
INFO:wikiedits.wiki_edit_extractor:Processed Revisions: 3225000
INFO:wikiedits.wiki_edit_extractor:Processed Revisions: 3230000
INFO:wikiedits.wiki_edit_extractor:Processed Revisions: 3235000
INFO:wikiedits.wiki_edit_extractor:Processed Revisions: 3240000
INFO:wikiedits.wiki_edit_extractor:Processed Revisions: 3245000
INFO:wikiedits.wiki_edit_extractor:Processed Revisions: 3250000
INFO:wikiedits.wiki_edit_extractor:Processed Revisions: 3255000
INFO:wikiedits.wiki_edit_extractor:Processed Revisions: 3260000
INFO:wikiedits.wiki_edit_extractor:Processed Edits: 57000
INFO:wikiedits.wiki_edit_extractor:Processed Revisions: 3265000
INFO:wikiedits.wiki_edit_extractor:Processed Revisions: 3270000
INFO:wikiedits.wiki_edit_extractor:Processed Revisions: 3275000
INFO:wikiedits.wiki_edit_extractor:Processed Revisions: 3280000
INFO:wikiedits.wiki_edit_extractor:Processed Revisions: 3285000
INFO:wikiedits.wiki_edit_extractor:Processed Revisions: 3290000
INFO:wikiedits.wiki_edit_extractor:Processed Revisions: 3295000
INFO:wikiedits.wiki_edit_extractor:Processed Revisions: 3300000
INFO:wikiedits.wiki_edit_extractor:Processed Revisions: 3305000
INFO:wikiedits.wiki_edit_extractor:Processed Revisions: 3310000
INFO:wikiedits.wiki_edit_extractor:Processed Revisions: 3315000
INFO:wikiedits.wiki_edit_extractor:Processed Revisions: 3320000
INFO:wikiedits.wiki_edit_extractor:Processed Edits: 57500
INFO:wikiedits.wiki_edit_extractor:Processed Revisions: 3325000
INFO:wikiedits.wiki_edit_extractor:Processed Revisions: 3330000
INFO:wikiedits.wiki_edit_extractor:Processed Revisions: 3335000
INFO:wikiedits.wiki_edit_extractor:Processed Revisions: 3340000
INFO:wikiedits.wiki_edit_extractor:Processed Revisions: 3345000
INFO:wikiedits.wiki_edit_extractor:Processed Revisions: 3350000
INFO:wikiedits.wiki_edit_extractor:Processed Revisions: 3355000
INFO:wikiedits.wiki_edit_extractor:Processed Revisions: 3360000
INFO:wikiedits.wiki_edit_extractor:Processed Revisions: 3365000
INFO:wikiedits.wiki_edit_extractor:Processed Revisions: 3370000
INFO:wikiedits.wiki_edit_extractor:Processed Revisions: 3375000
INFO:wikiedits.wiki_edit_extractor:Processed Revisions: 3380000
INFO:wikiedits.wiki_edit_extractor:Processed Revisions: 3385000
INFO:wikiedits.wiki_edit_extractor:Processed Revisions: 3390000
INFO:wikiedits.wiki_edit_extractor:Processed Revisions: 3395000
INFO:wikiedits.wiki_edit_extractor:Processed Edits: 59000
INFO:wikiedits.wiki_edit_extractor:Processed Revisions: 3400000
INFO:wikiedits.wiki_edit_extractor:Processed Revisions: 3405000
INFO:wikiedits.wiki_edit_extractor:Processed Revisions: 3410000
INFO:wikiedits.wiki_edit_extractor:Processed Revisions: 3415000
INFO:wikiedits.wiki_edit_extractor:Processed Revisions: 3420000
INFO:wikiedits.wiki_edit_extractor:Processed Edits: 59500
INFO:wikiedits.wiki_edit_extractor:Processed Revisions: 3425000
INFO:wikiedits.wiki_edit_extractor:Processed Revisions: 3430000
INFO:wikiedits.wiki_edit_extractor:Processed Revisions: 3435000
INFO:wikiedits.wiki_edit_extractor:Processed Revisions: 3440000
INFO:wikiedits.wiki_edit_extractor:Processed Edits: 60000
INFO:wikiedits.wiki_edit_extractor:Processed Revisions: 3445000
INFO:wikiedits.wiki_edit_extractor:Processed Revisions: 3450000
INFO:wikiedits.wiki_edit_extractor:Processed Revisions: 3455000
INFO:wikiedits.wiki_edit_extractor:Processed Revisions: 3460000
INFO:wikiedits.wiki_edit_extractor:Processed Revisions: 3465000
INFO:wikiedits.wiki_edit_extractor:Processed Revisions: 3470000
INFO:wikiedits.wiki_edit_extractor:Processed Revisions: 3475000
INFO:wikiedits.wiki_edit_extractor:Processed Revisions: 3480000
INFO:wikiedits.wiki_edit_extractor:Processed Revisions: 3485000
INFO:wikiedits.wiki_edit_extractor:Processed Revisions: 3490000
INFO:wikiedits.wiki_edit_extractor:Processed Revisions: 3495000
INFO:wikiedits.wiki_edit_extractor:Processed Revisions: 3500000
INFO:wikiedits.wiki_edit_extractor:Processed Edits: 60500
INFO:wikiedits.wiki_edit_extractor:Processed Revisions: 3505000
INFO:wikiedits.wiki_edit_extractor:Processed Revisions: 3510000
INFO:wikiedits.wiki_edit_extractor:Processed Revisions: 3515000
INFO:wikiedits.wiki_edit_extractor:Processed Edits: 61000
INFO:wikiedits.wiki_edit_extractor:Processed Revisions: 3520000
INFO:wikiedits.wiki_edit_extractor:Processed Revisions: 3525000
INFO:wikiedits.wiki_edit_extractor:Processed Revisions: 3530000
INFO:wikiedits.wiki_edit_extractor:Processed Edits: 61500
INFO:wikiedits.wiki_edit_extractor:Processed Revisions: 3535000
INFO:wikiedits.wiki_edit_extractor:Processed Revisions: 3540000
INFO:wikiedits.wiki_edit_extractor:Processed Revisions: 3545000
INFO:wikiedits.wiki_edit_extractor:Processed Revisions: 3550000
INFO:wikiedits.wiki_edit_extractor:Processed Edits: 62000
INFO:wikiedits.wiki_edit_extractor:Processed Revisions: 3555000
INFO:wikiedits.wiki_edit_extractor:Processed Revisions: 3560000
INFO:wikiedits.wiki_edit_extractor:Processed Revisions: 3565000
INFO:wikiedits.wiki_edit_extractor:Processed Edits: 62500
INFO:wikiedits.wiki_edit_extractor:Processed Revisions: 3570000
INFO:wikiedits.wiki_edit_extractor:Processed Revisions: 3575000
INFO:wikiedits.wiki_edit_extractor:Processed Revisions: 3580000
INFO:wikiedits.wiki_edit_extractor:Processed Revisions: 3585000
INFO:wikiedits.wiki_edit_extractor:Processed Revisions: 3590000
INFO:wikiedits.wiki_edit_extractor:Processed Edits: 63000
INFO:wikiedits.wiki_edit_extractor:Processed Revisions: 3595000
INFO:wikiedits.wiki_edit_extractor:Processed Revisions: 3600000
INFO:wikiedits.wiki_edit_extractor:Processed Revisions: 3605000
INFO:wikiedits.wiki_edit_extractor:Processed Revisions: 3610000
INFO:wikiedits.wiki_edit_extractor:Processed Revisions: 3615000
INFO:wikiedits.wiki_edit_extractor:Processed Revisions: 3620000
INFO:wikiedits.wiki_edit_extractor:Processed Revisions: 3625000
INFO:wikiedits.wiki_edit_extractor:Processed Revisions: 3630000
INFO:wikiedits.wiki_edit_extractor:Processed Revisions: 3635000
INFO:wikiedits.wiki_edit_extractor:Processed Revisions: 3640000
INFO:wikiedits.wiki_edit_extractor:Processed Revisions: 3645000
INFO:wikiedits.wiki_edit_extractor:Processed Revisions: 3650000
INFO:wikiedits.wiki_edit_extractor:Processed Revisions: 3655000
INFO:wikiedits.wiki_edit_extractor:Processed Revisions: 3660000
INFO:wikiedits.wiki_edit_extractor:Processed Revisions: 3665000
INFO:wikiedits.wiki_edit_extractor:Processed Revisions: 3670000
INFO:wikiedits.wiki_edit_extractor:Processed Revisions: 3675000
INFO:wikiedits.wiki_edit_extractor:Processed Revisions: 3680000
INFO:wikiedits.wiki_edit_extractor:Processed Revisions: 3685000
INFO:wikiedits.wiki_edit_extractor:Processed Revisions: 3690000
INFO:wikiedits.wiki_edit_extractor:Processed Revisions: 3695000
INFO:wikiedits.wiki_edit_extractor:Processed Edits: 63500
INFO:wikiedits.wiki_edit_extractor:Processed Revisions: 3700000
INFO:wikiedits.wiki_edit_extractor:Processed Revisions: 3705000
INFO:wikiedits.wiki_edit_extractor:Processed Revisions: 3710000
INFO:wikiedits.wiki_edit_extractor:Processed Revisions: 3715000
INFO:wikiedits.wiki_edit_extractor:Processed Revisions: 3720000
INFO:wikiedits.wiki_edit_extractor:Processed Revisions: 3725000
INFO:wikiedits.wiki_edit_extractor:Processed Edits: 64000
INFO:wikiedits.wiki_edit_extractor:Processed Revisions: 3730000
INFO:wikiedits.wiki_edit_extractor:Processed Revisions: 3735000
INFO:wikiedits.wiki_edit_extractor:Processed Revisions: 3740000
INFO:wikiedits.wiki_edit_extractor:Processed Revisions: 3745000
INFO:wikiedits.wiki_edit_extractor:Processed Edits: 64500
INFO:wikiedits.wiki_edit_extractor:Processed Revisions: 3750000
INFO:wikiedits.wiki_edit_extractor:Processed Revisions: 3755000
INFO:wikiedits.wiki_edit_extractor:Processed Edits: 65000
INFO:wikiedits.wiki_edit_extractor:Processed Revisions: 3760000
INFO:wikiedits.wiki_edit_extractor:Processed Revisions: 3765000
INFO:wikiedits.wiki_edit_extractor:Processed Revisions: 3770000
INFO:wikiedits.wiki_edit_extractor:Processed Revisions: 3775000
INFO:wikiedits.wiki_edit_extractor:Processed Revisions: 3780000
INFO:wikiedits.wiki_edit_extractor:Processed Edits: 65500
INFO:wikiedits.wiki_edit_extractor:Processed Revisions: 3785000
INFO:wikiedits.wiki_edit_extractor:Processed Revisions: 3790000
INFO:wikiedits.wiki_edit_extractor:Processed Revisions: 3795000
INFO:wikiedits.wiki_edit_extractor:Processed Edits: 66000
INFO:wikiedits.wiki_edit_extractor:Processed Revisions: 3800000
INFO:wikiedits.wiki_edit_extractor:Processed Revisions: 3805000
INFO:wikiedits.wiki_edit_extractor:Processed Revisions: 3810000
INFO:wikiedits.wiki_edit_extractor:Processed Revisions: 3815000
INFO:wikiedits.wiki_edit_extractor:Processed Revisions: 3820000
INFO:wikiedits.wiki_edit_extractor:Processed Revisions: 3825000
INFO:wikiedits.wiki_edit_extractor:Processed Revisions: 3830000
INFO:wikiedits.wiki_edit_extractor:Processed Revisions: 3835000
INFO:wikiedits.wiki_edit_extractor:Processed Revisions: 3840000
INFO:wikiedits.wiki_edit_extractor:Processed Edits: 66500
INFO:wikiedits.wiki_edit_extractor:Processed Revisions: 3845000
INFO:wikiedits.wiki_edit_extractor:Processed Revisions: 3850000
INFO:wikiedits.wiki_edit_extractor:Processed Revisions: 3855000
INFO:wikiedits.wiki_edit_extractor:Processed Revisions: 3860000
INFO:wikiedits.wiki_edit_extractor:Processed Revisions: 3865000
INFO:wikiedits.wiki_edit_extractor:Processed Revisions: 3870000
INFO:wikiedits.wiki_edit_extractor:Processed Revisions: 3875000
INFO:wikiedits.wiki_edit_extractor:Processed Revisions: 3880000
INFO:wikiedits.wiki_edit_extractor:Processed Revisions: 3885000
INFO:wikiedits.wiki_edit_extractor:Processed Edits: 67000
INFO:wikiedits.wiki_edit_extractor:Processed Revisions: 3890000
INFO:wikiedits.wiki_edit_extractor:Processed Revisions: 3895000
INFO:wikiedits.wiki_edit_extractor:Processed Revisions: 3900000
INFO:wikiedits.wiki_edit_extractor:Processed Revisions: 3905000
INFO:wikiedits.wiki_edit_extractor:Processed Edits: 67500
INFO:wikiedits.wiki_edit_extractor:Processed Revisions: 3910000
INFO:wikiedits.wiki_edit_extractor:Processed Revisions: 3915000
INFO:wikiedits.wiki_edit_extractor:Processed Revisions: 3920000
INFO:wikiedits.wiki_edit_extractor:Processed Edits: 68000
INFO:wikiedits.wiki_edit_extractor:Processed Revisions: 3925000
INFO:wikiedits.wiki_edit_extractor:Processed Revisions: 3930000
INFO:wikiedits.wiki_edit_extractor:Processed Revisions: 3935000
INFO:wikiedits.wiki_edit_extractor:Processed Edits: 68500
INFO:wikiedits.wiki_edit_extractor:Processed Revisions: 3940000
INFO:wikiedits.wiki_edit_extractor:Processed Revisions: 3945000
INFO:wikiedits.wiki_edit_extractor:Processed Revisions: 3950000
INFO:wikiedits.wiki_edit_extractor:Processed Revisions: 3955000
INFO:wikiedits.wiki_edit_extractor:Processed Edits: 69000
INFO:wikiedits.wiki_edit_extractor:Processed Revisions: 3960000
INFO:wikiedits.wiki_edit_extractor:Processed Revisions: 3965000
INFO:wikiedits.wiki_edit_extractor:Processed Revisions: 3970000
INFO:wikiedits.wiki_edit_extractor:Processed Revisions: 3975000
INFO:wikiedits.wiki_edit_extractor:Processed Revisions: 3980000
INFO:wikiedits.wiki_edit_extractor:Processed Revisions: 3985000
INFO:wikiedits.wiki_edit_extractor:Processed Revisions: 3990000
INFO:wikiedits.wiki_edit_extractor:Processed Revisions: 3995000
INFO:wikiedits.wiki_edit_extractor:Processed Revisions: 4000000
INFO:wikiedits.wiki_edit_extractor:Processed Revisions: 4005000
INFO:wikiedits.wiki_edit_extractor:Processed Revisions: 4010000
INFO:wikiedits.wiki_edit_extractor:Processed Revisions: 4015000
INFO:wikiedits.wiki_edit_extractor:Processed Revisions: 4020000
INFO:wikiedits.wiki_edit_extractor:Processed Revisions: 4025000
INFO:wikiedits.wiki_edit_extractor:Processed Revisions: 4030000
INFO:wikiedits.wiki_edit_extractor:Processed Revisions: 4035000
INFO:wikiedits.wiki_edit_extractor:Processed Revisions: 4040000
INFO:wikiedits.wiki_edit_extractor:Processed Revisions: 4045000
INFO:wikiedits.wiki_edit_extractor:Processed Revisions: 4050000
INFO:wikiedits.wiki_edit_extractor:Processed Revisions: 4055000
INFO:wikiedits.wiki_edit_extractor:Processed Edits: 70000
INFO:wikiedits.wiki_edit_extractor:Processed Revisions: 4060000
INFO:wikiedits.wiki_edit_extractor:Processed Revisions: 4065000
INFO:wikiedits.wiki_edit_extractor:Processed Revisions: 4070000
INFO:wikiedits.wiki_edit_extractor:Processed Revisions: 4075000
INFO:wikiedits.wiki_edit_extractor:Processed Revisions: 4080000
INFO:wikiedits.wiki_edit_extractor:Processed Revisions: 4085000
INFO:wikiedits.wiki_edit_extractor:Processed Revisions: 4090000
INFO:wikiedits.wiki_edit_extractor:Processed Revisions: 4095000
INFO:wikiedits.wiki_edit_extractor:Processed Revisions: 4100000
INFO:wikiedits.wiki_edit_extractor:Processed Revisions: 4105000
INFO:wikiedits.wiki_edit_extractor:Processed Revisions: 4110000
INFO:wikiedits.wiki_edit_extractor:Processed Revisions: 4115000
INFO:wikiedits.wiki_edit_extractor:Processed Edits: 70500
INFO:wikiedits.wiki_edit_extractor:Processed Edits: 71000
INFO:wikiedits.wiki_edit_extractor:Processed Edits: 71500
INFO:wikiedits.wiki_edit_extractor:Processed Edits: 72000
INFO:wikiedits.wiki_edit_extractor:Processed Edits: 72500
INFO:wikiedits.wiki_edit_extractor:Processed Revisions: 4120000
INFO:wikiedits.wiki_edit_extractor:Processed Revisions: 4125000
INFO:wikiedits.wiki_edit_extractor:Processed Revisions: 4130000
INFO:wikiedits.wiki_edit_extractor:Processed Revisions: 4135000
INFO:wikiedits.wiki_edit_extractor:Processed Revisions: 4140000
INFO:wikiedits.wiki_edit_extractor:Processed Revisions: 4145000
INFO:wikiedits.wiki_edit_extractor:Processed Revisions: 4150000
INFO:wikiedits.wiki_edit_extractor:Processed Revisions: 4155000
INFO:wikiedits.wiki_edit_extractor:Processed Revisions: 4160000
INFO:wikiedits.wiki_edit_extractor:Processed Revisions: 4165000
INFO:wikiedits.wiki_edit_extractor:Processed Revisions: 4170000
INFO:wikiedits.wiki_edit_extractor:Processed Revisions: 4175000
INFO:wikiedits.wiki_edit_extractor:Processed Revisions: 4180000
INFO:wikiedits.wiki_edit_extractor:Processed Edits: 74500
INFO:wikiedits.wiki_edit_extractor:Processed Revisions: 4185000
INFO:wikiedits.wiki_edit_extractor:Processed Revisions: 4190000
INFO:wikiedits.wiki_edit_extractor:Processed Edits: 75000
INFO:wikiedits.wiki_edit_extractor:Processed Revisions: 4195000
INFO:wikiedits.wiki_edit_extractor:Processed Revisions: 4200000
INFO:wikiedits.wiki_edit_extractor:Processed Edits: 75500
INFO:wikiedits.wiki_edit_extractor:Processed Revisions: 4205000
INFO:wikiedits.wiki_edit_extractor:Processed Revisions: 4210000
INFO:wikiedits.wiki_edit_extractor:Processed Revisions: 4215000
INFO:wikiedits.wiki_edit_extractor:Processed Revisions: 4220000
INFO:wikiedits.wiki_edit_extractor:Processed Edits: 76000
INFO:wikiedits.wiki_edit_extractor:Processed Revisions: 4225000
INFO:wikiedits.wiki_edit_extractor:Processed Revisions: 4230000
INFO:wikiedits.wiki_edit_extractor:Processed Revisions: 4235000
INFO:wikiedits.wiki_edit_extractor:Processed Revisions: 4240000
INFO:wikiedits.wiki_edit_extractor:Processed Edits: 76500
INFO:wikiedits.wiki_edit_extractor:Processed Revisions: 4245000
INFO:wikiedits.wiki_edit_extractor:Processed Revisions: 4250000
INFO:wikiedits.wiki_edit_extractor:Processed Revisions: 4255000
INFO:wikiedits.wiki_edit_extractor:Processed Revisions: 4260000
INFO:wikiedits.wiki_edit_extractor:Processed Revisions: 4265000
INFO:wikiedits.wiki_edit_extractor:Processed Edits: 77000
INFO:wikiedits.wiki_edit_extractor:Processed Revisions: 4270000
INFO:wikiedits.wiki_edit_extractor:Processed Revisions: 4275000
INFO:wikiedits.wiki_edit_extractor:Processed Revisions: 4280000
INFO:wikiedits.wiki_edit_extractor:Processed Edits: 77500
INFO:wikiedits.wiki_edit_extractor:Processed Revisions: 4285000
INFO:wikiedits.wiki_edit_extractor:Processed Revisions: 4290000
INFO:wikiedits.wiki_edit_extractor:Processed Edits: 78000
INFO:wikiedits.wiki_edit_extractor:Processed Revisions: 4295000
INFO:wikiedits.wiki_edit_extractor:Processed Revisions: 4300000
INFO:wikiedits.wiki_edit_extractor:Processed Revisions: 4305000
INFO:wikiedits.wiki_edit_extractor:Processed Revisions: 4310000
INFO:wikiedits.wiki_edit_extractor:Processed Revisions: 4315000
INFO:wikiedits.wiki_edit_extractor:Processed Revisions: 4320000
INFO:wikiedits.wiki_edit_extractor:Processed Revisions: 4325000
INFO:wikiedits.wiki_edit_extractor:Processed Revisions: 4330000
INFO:wikiedits.wiki_edit_extractor:Processed Revisions: 4335000
INFO:wikiedits.wiki_edit_extractor:Processed Revisions: 4340000
INFO:wikiedits.wiki_edit_extractor:Processed Revisions: 4345000
INFO:wikiedits.wiki_edit_extractor:Processed Revisions: 4350000
INFO:wikiedits.wiki_edit_extractor:Processed Revisions: 4355000
INFO:wikiedits.wiki_edit_extractor:Processed Revisions: 4360000
INFO:wikiedits.wiki_edit_extractor:Processed Revisions: 4365000
INFO:wikiedits.wiki_edit_extractor:Processed Edits: 79500
INFO:wikiedits.wiki_edit_extractor:Processed Revisions: 4370000
INFO:wikiedits.wiki_edit_extractor:Processed Revisions: 4375000
INFO:wikiedits.wiki_edit_extractor:Processed Revisions: 4380000
INFO:wikiedits.wiki_edit_extractor:Processed Edits: 80000
INFO:wikiedits.wiki_edit_extractor:Processed Revisions: 4385000
INFO:wikiedits.wiki_edit_extractor:Processed Revisions: 4390000
INFO:wikiedits.wiki_edit_extractor:Processed Revisions: 4395000
INFO:wikiedits.wiki_edit_extractor:Processed Revisions: 4400000
INFO:wikiedits.wiki_edit_extractor:Processed Revisions: 4405000
INFO:wikiedits.wiki_edit_extractor:Processed Revisions: 4410000
INFO:wikiedits.wiki_edit_extractor:Processed Edits: 80500
INFO:wikiedits.wiki_edit_extractor:Processed Revisions: 4415000
INFO:wikiedits.wiki_edit_extractor:Processed Revisions: 4420000
INFO:wikiedits.wiki_edit_extractor:Processed Revisions: 4425000
INFO:wikiedits.wiki_edit_extractor:Processed Revisions: 4430000
INFO:wikiedits.wiki_edit_extractor:Processed Revisions: 4435000
INFO:wikiedits.wiki_edit_extractor:Processed Revisions: 4440000
INFO:wikiedits.wiki_edit_extractor:Processed Edits: 81000
INFO:wikiedits.wiki_edit_extractor:Processed Revisions: 4445000
INFO:wikiedits.wiki_edit_extractor:Processed Revisions: 4450000
INFO:wikiedits.wiki_edit_extractor:Processed Revisions: 4455000
INFO:wikiedits.wiki_edit_extractor:Processed Edits: 81500
INFO:wikiedits.wiki_edit_extractor:Processed Revisions: 4460000
INFO:wikiedits.wiki_edit_extractor:Processed Edits: 82000
INFO:wikiedits.wiki_edit_extractor:Processed Revisions: 4465000
INFO:wikiedits.wiki_edit_extractor:Processed Revisions: 4470000
INFO:wikiedits.wiki_edit_extractor:Processed Edits: 82500
INFO:wikiedits.wiki_edit_extractor:Processed Revisions: 4475000
INFO:wikiedits.wiki_edit_extractor:Processed Edits: 83000
INFO:wikiedits.wiki_edit_extractor:Processed Revisions: 4480000
INFO:wikiedits.wiki_edit_extractor:Processed Revisions: 4485000
INFO:wikiedits.wiki_edit_extractor:Processed Revisions: 4490000
INFO:wikiedits.wiki_edit_extractor:Processed Edits: 84000
INFO:wikiedits.wiki_edit_extractor:Processed Revisions: 4495000
INFO:wikiedits.wiki_edit_extractor:Processed Revisions: 4500000
INFO:wikiedits.wiki_edit_extractor:Processed Revisions: 4505000
INFO:wikiedits.wiki_edit_extractor:Processed Revisions: 4510000
INFO:wikiedits.wiki_edit_extractor:Processed Revisions: 4515000
INFO:wikiedits.wiki_edit_extractor:Processed Revisions: 4520000
INFO:wikiedits.wiki_edit_extractor:Processed Revisions: 4525000
INFO:wikiedits.wiki_edit_extractor:Processed Revisions: 4530000
INFO:wikiedits.wiki_edit_extractor:Processed Revisions: 4535000
INFO:wikiedits.wiki_edit_extractor:Processed Revisions: 4540000
INFO:wikiedits.wiki_edit_extractor:Processed Revisions: 4545000
INFO:wikiedits.wiki_edit_extractor:Processed Edits: 86000
INFO:wikiedits.wiki_edit_extractor:Processed Revisions: 4550000
INFO:wikiedits.wiki_edit_extractor:Processed Revisions: 4555000
INFO:wikiedits.wiki_edit_extractor:Processed Revisions: 4560000
INFO:wikiedits.wiki_edit_extractor:Processed Revisions: 4565000
INFO:wikiedits.wiki_edit_extractor:Processed Edits: 86500
INFO:wikiedits.wiki_edit_extractor:Processed Revisions: 4570000
INFO:wikiedits.wiki_edit_extractor:Processed Revisions: 4575000
INFO:wikiedits.wiki_edit_extractor:Processed Revisions: 4580000
INFO:wikiedits.wiki_edit_extractor:Processed Edits: 87000
INFO:wikiedits.wiki_edit_extractor:Processed Revisions: 4585000
INFO:wikiedits.wiki_edit_extractor:Processed Revisions: 4590000
INFO:wikiedits.wiki_edit_extractor:Processed Revisions: 4595000
INFO:wikiedits.wiki_edit_extractor:Processed Edits: 87500
INFO:wikiedits.wiki_edit_extractor:Processed Revisions: 4600000
INFO:wikiedits.wiki_edit_extractor:Processed Revisions: 4605000
INFO:wikiedits.wiki_edit_extractor:Processed Revisions: 4610000
INFO:wikiedits.wiki_edit_extractor:Processed Revisions: 4615000
INFO:wikiedits.wiki_edit_extractor:Processed Edits: 88000
INFO:wikiedits.wiki_edit_extractor:Processed Revisions: 4620000
INFO:wikiedits.wiki_edit_extractor:Processed Revisions: 4625000
INFO:wikiedits.wiki_edit_extractor:Processed Revisions: 4630000
INFO:wikiedits.wiki_edit_extractor:Processed Revisions: 4635000
INFO:wikiedits.wiki_edit_extractor:Processed Revisions: 4640000
INFO:wikiedits.wiki_edit_extractor:Processed Revisions: 4645000
INFO:wikiedits.wiki_edit_extractor:Processed Edits: 91000
INFO:wikiedits.wiki_edit_extractor:Processed Revisions: 4650000
INFO:wikiedits.wiki_edit_extractor:Processed Edits: 91500
INFO:wikiedits.wiki_edit_extractor:Processed Revisions: 4655000
INFO:wikiedits.wiki_edit_extractor:Processed Revisions: 4660000
INFO:wikiedits.wiki_edit_extractor:Processed Revisions: 4665000
INFO:wikiedits.wiki_edit_extractor:Processed Edits: 92000
INFO:wikiedits.wiki_edit_extractor:Processed Revisions: 4670000
INFO:wikiedits.wiki_edit_extractor:Processed Revisions: 4675000
INFO:wikiedits.wiki_edit_extractor:Processed Edits: 92500
INFO:wikiedits.wiki_edit_extractor:Processed Revisions: 4680000
INFO:wikiedits.wiki_edit_extractor:Processed Revisions: 4685000
INFO:wikiedits.wiki_edit_extractor:Processed Revisions: 4690000
INFO:wikiedits.wiki_edit_extractor:Processed Edits: 93000
INFO:wikiedits.wiki_edit_extractor:Processed Revisions: 4695000
INFO:wikiedits.wiki_edit_extractor:Processed Revisions: 4700000
INFO:wikiedits.wiki_edit_extractor:Processed Edits: 93500
INFO:wikiedits.wiki_edit_extractor:Processed Revisions: 4705000
INFO:wikiedits.wiki_edit_extractor:Processed Edits: 94000
INFO:wikiedits.wiki_edit_extractor:Processed Edits: 94500
INFO:wikiedits.wiki_edit_extractor:Processed Edits: 95000
INFO:wikiedits.wiki_edit_extractor:Processed Revisions: 4710000
INFO:wikiedits.wiki_edit_extractor:Processed Edits: 95500
INFO:wikiedits.wiki_edit_extractor:Processed Revisions: 4715000
INFO:wikiedits.wiki_edit_extractor:Processed Revisions: 4720000
INFO:wikiedits.wiki_edit_extractor:Processed Revisions: 4725000
INFO:wikiedits.wiki_edit_extractor:Processed Edits: 96000
INFO:wikiedits.wiki_edit_extractor:Processed Revisions: 4730000
INFO:wikiedits.wiki_edit_extractor:Processed Revisions: 4735000
INFO:wikiedits.wiki_edit_extractor:Processed Revisions: 4740000
INFO:wikiedits.wiki_edit_extractor:Processed Edits: 96500
INFO:wikiedits.wiki_edit_extractor:Processed Revisions: 4745000
INFO:wikiedits.wiki_edit_extractor:Processed Revisions: 4750000
INFO:wikiedits.wiki_edit_extractor:Processed Revisions: 4755000
INFO:wikiedits.wiki_edit_extractor:Processed Revisions: 4760000
INFO:wikiedits.wiki_edit_extractor:Processed Edits: 98000
INFO:wikiedits.wiki_edit_extractor:Processed Revisions: 4765000
INFO:wikiedits.wiki_edit_extractor:Processed Revisions: 4770000
INFO:wikiedits.wiki_edit_extractor:Processed Revisions: 4775000
INFO:wikiedits.wiki_edit_extractor:Processed Edits: 98500
INFO:wikiedits.wiki_edit_extractor:Processed Revisions: 4780000
INFO:wikiedits.wiki_edit_extractor:Processed Revisions: 4785000
INFO:wikiedits.wiki_edit_extractor:Processed Revisions: 4790000
INFO:wikiedits.wiki_edit_extractor:Processed Revisions: 4795000
INFO:wikiedits.wiki_edit_extractor:Processed Revisions: 4800000
INFO:wikiedits.wiki_edit_extractor:Processed Revisions: 4805000
INFO:wikiedits.wiki_edit_extractor:Processed Revisions: 4810000
INFO:wikiedits.wiki_edit_extractor:Processed Revisions: 4815000
INFO:wikiedits.wiki_edit_extractor:Processed Revisions: 4820000
INFO:wikiedits.wiki_edit_extractor:Processed Revisions: 4825000
INFO:wikiedits.wiki_edit_extractor:Processed Revisions: 4830000
INFO:wikiedits.wiki_edit_extractor:Processed Revisions: 4835000
INFO:wikiedits.wiki_edit_extractor:Processed Revisions: 4840000
INFO:wikiedits.wiki_edit_extractor:Processed Edits: 100000
INFO:wikiedits.wiki_edit_extractor:Processed Revisions: 4845000
INFO:wikiedits.wiki_edit_extractor:Processed Revisions: 4850000
INFO:wikiedits.wiki_edit_extractor:Processed Revisions: 4855000
INFO:wikiedits.wiki_edit_extractor:Processed Revisions: 4860000
INFO:wikiedits.wiki_edit_extractor:Processed Edits: 100500
INFO:wikiedits.wiki_edit_extractor:Processed Revisions: 4865000
INFO:wikiedits.wiki_edit_extractor:Processed Revisions: 4870000
INFO:wikiedits.wiki_edit_extractor:Processed Revisions: 4875000
INFO:wikiedits.wiki_edit_extractor:Processed Revisions: 4880000
INFO:wikiedits.wiki_edit_extractor:Processed Edits: 101000
INFO:wikiedits.wiki_edit_extractor:Processed Revisions: 4885000
INFO:wikiedits.wiki_edit_extractor:Processed Edits: 101500
INFO:wikiedits.wiki_edit_extractor:Processed Revisions: 4890000
INFO:wikiedits.wiki_edit_extractor:Processed Revisions: 4895000
INFO:wikiedits.wiki_edit_extractor:Processed Revisions: 4900000
INFO:wikiedits.wiki_edit_extractor:Processed Edits: 102000
INFO:wikiedits.wiki_edit_extractor:Processed Revisions: 4905000
INFO:wikiedits.wiki_edit_extractor:Processed Revisions: 4910000
INFO:wikiedits.wiki_edit_extractor:Processed Edits: 102500
INFO:wikiedits.wiki_edit_extractor:Processed Revisions: 4915000
INFO:wikiedits.wiki_edit_extractor:Processed Edits: 103000
INFO:wikiedits.wiki_edit_extractor:Processed Edits: 103500
INFO:wikiedits.wiki_edit_extractor:Processed Edits: 104000
INFO:wikiedits.wiki_edit_extractor:Processed Edits: 104500
INFO:wikiedits.wiki_edit_extractor:Processed Revisions: 4920000
INFO:wikiedits.wiki_edit_extractor:Processed Revisions: 4925000
INFO:wikiedits.wiki_edit_extractor:Processed Revisions: 4930000
INFO:wikiedits.wiki_edit_extractor:Processed Edits: 105000
INFO:wikiedits.wiki_edit_extractor:Processed Revisions: 4935000
INFO:wikiedits.wiki_edit_extractor:Processed Revisions: 4940000
INFO:wikiedits.wiki_edit_extractor:Processed Edits: 105500
INFO:wikiedits.wiki_edit_extractor:Processed Revisions: 4945000
INFO:wikiedits.wiki_edit_extractor:Processed Edits: 106000
INFO:wikiedits.wiki_edit_extractor:Processed Revisions: 4950000
INFO:wikiedits.wiki_edit_extractor:Processed Revisions: 4955000
INFO:wikiedits.wiki_edit_extractor:Processed Revisions: 4960000
INFO:wikiedits.wiki_edit_extractor:Processed Edits: 106500
INFO:wikiedits.wiki_edit_extractor:Processed Revisions: 4965000
INFO:wikiedits.wiki_edit_extractor:Processed Revisions: 4970000
INFO:wikiedits.wiki_edit_extractor:Processed Revisions: 4975000
INFO:wikiedits.wiki_edit_extractor:Processed Edits: 107000
INFO:wikiedits.wiki_edit_extractor:Processed Revisions: 4980000
INFO:wikiedits.wiki_edit_extractor:Processed Revisions: 4985000
INFO:wikiedits.wiki_edit_extractor:Processed Edits: 107500
INFO:wikiedits.wiki_edit_extractor:Processed Revisions: 4990000
INFO:wikiedits.wiki_edit_extractor:Processed Revisions: 4995000
INFO:wikiedits.wiki_edit_extractor:Processed Revisions: 5000000
INFO:wikiedits.wiki_edit_extractor:Processed Edits: 108000
INFO:wikiedits.wiki_edit_extractor:Processed Revisions: 5005000
INFO:wikiedits.wiki_edit_extractor:Processed Revisions: 5010000
INFO:wikiedits.wiki_edit_extractor:Processed Revisions: 5015000
INFO:wikiedits.wiki_edit_extractor:Processed Revisions: 5020000
INFO:wikiedits.wiki_edit_extractor:Processed Edits: 108500
INFO:wikiedits.wiki_edit_extractor:Processed Revisions: 5025000
INFO:wikiedits.wiki_edit_extractor:Processed Revisions: 5030000
INFO:wikiedits.wiki_edit_extractor:Processed Revisions: 5035000
INFO:wikiedits.wiki_edit_extractor:Processed Revisions: 5040000
INFO:wikiedits.wiki_edit_extractor:Processed Revisions: 5045000
INFO:wikiedits.wiki_edit_extractor:Processed Edits: 109000
INFO:wikiedits.wiki_edit_extractor:Processed Revisions: 5050000
INFO:wikiedits.wiki_edit_extractor:Processed Revisions: 5055000
INFO:wikiedits.wiki_edit_extractor:Processed Revisions: 5060000
INFO:wikiedits.wiki_edit_extractor:Processed Edits: 109500
INFO:wikiedits.wiki_edit_extractor:Processed Revisions: 5065000
INFO:wikiedits.wiki_edit_extractor:Processed Revisions: 5070000
INFO:wikiedits.wiki_edit_extractor:Processed Revisions: 5075000
INFO:wikiedits.wiki_edit_extractor:Processed Revisions: 5080000
INFO:wikiedits.wiki_edit_extractor:Processed Edits: 110000
INFO:wikiedits.wiki_edit_extractor:Processed Revisions: 5085000
INFO:wikiedits.wiki_edit_extractor:Processed Revisions: 5090000
INFO:wikiedits.wiki_edit_extractor:Processed Edits: 110500
INFO:wikiedits.wiki_edit_extractor:Processed Revisions: 5095000
INFO:wikiedits.wiki_edit_extractor:Processed Revisions: 5100000
INFO:wikiedits.wiki_edit_extractor:Processed Revisions: 5105000
INFO:wikiedits.wiki_edit_extractor:Processed Revisions: 5110000
INFO:wikiedits.wiki_edit_extractor:Processed Edits: 111000
INFO:wikiedits.wiki_edit_extractor:Processed Revisions: 5115000
INFO:wikiedits.wiki_edit_extractor:Processed Revisions: 5120000
INFO:wikiedits.wiki_edit_extractor:Processed Revisions: 5125000
INFO:wikiedits.wiki_edit_extractor:Processed Edits: 111500
INFO:wikiedits.wiki_edit_extractor:Processed Revisions: 5130000
INFO:wikiedits.wiki_edit_extractor:Processed Revisions: 5135000
INFO:wikiedits.wiki_edit_extractor:Processed Revisions: 5140000
INFO:wikiedits.wiki_edit_extractor:Processed Revisions: 5145000
INFO:wikiedits.wiki_edit_extractor:Processed Edits: 112000
INFO:wikiedits.wiki_edit_extractor:Processed Revisions: 5150000
INFO:wikiedits.wiki_edit_extractor:Processed Revisions: 5155000
INFO:wikiedits.wiki_edit_extractor:Processed Revisions: 5160000
INFO:wikiedits.wiki_edit_extractor:Processed Revisions: 5165000
INFO:wikiedits.wiki_edit_extractor:Processed Edits: 112500
INFO:wikiedits.wiki_edit_extractor:Processed Revisions: 5170000
INFO:wikiedits.wiki_edit_extractor:Processed Revisions: 5175000
INFO:wikiedits.wiki_edit_extractor:Processed Revisions: 5180000
INFO:wikiedits.wiki_edit_extractor:Processed Revisions: 5185000
INFO:wikiedits.wiki_edit_extractor:Processed Edits: 113000
INFO:wikiedits.wiki_edit_extractor:Processed Revisions: 5190000
INFO:wikiedits.wiki_edit_extractor:Processed Revisions: 5195000
INFO:wikiedits.wiki_edit_extractor:Processed Revisions: 5200000
INFO:wikiedits.wiki_edit_extractor:Processed Revisions: 5205000
INFO:wikiedits.wiki_edit_extractor:Processed Revisions: 5210000
INFO:wikiedits.wiki_edit_extractor:Processed Edits: 113500
INFO:wikiedits.wiki_edit_extractor:Processed Revisions: 5215000
INFO:wikiedits.wiki_edit_extractor:Processed Revisions: 5220000
INFO:wikiedits.wiki_edit_extractor:Processed Revisions: 5225000
INFO:wikiedits.wiki_edit_extractor:Processed Revisions: 5230000
INFO:wikiedits.wiki_edit_extractor:Processed Edits: 114000
INFO:wikiedits.wiki_edit_extractor:Processed Revisions: 5235000
INFO:wikiedits.wiki_edit_extractor:Finished
INFO:__main__:Finished
